<?xml version="1.0" encoding="UTF-8"?>
<testsuite xmlns:xsi="http://www.w3.org/2001/XMLSchema-instance" xsi:noNamespaceSchemaLocation="https://maven.apache.org/surefire/maven-surefire-plugin/xsd/surefire-test-report.xsd" name="test.TestNGFramework" time="3.847" tests="5" errors="0" skipped="3" failures="2">
  <properties>
[...]
</properties>
  <testcase name="LaunchBrowser" classname="test.TestNGFramework" time="3.782">
    <failure message="&#10;Parameter &apos;url&apos; is required by @Configuration on method LaunchBrowser&#10;but has not been marked @Optional or defined " type="org.testng.TestNGException">org.testng.TestNGException: 

Parameter 'url' is required by @Configuration on method LaunchBrowser
but has not been marked @Optional or defined 
</failure>
    <system-out><![CDATA[Row count is: 1
Column count is: 5
]]></system-out>
    <system-err><![CDATA[Feb 27, 2024 5:19:29 AM org.openqa.selenium.devtools.CdpVersionFinder findNearestMatch
WARNING: Unable to find an exact match for CDP version 122, returning the closest version; found: 119; Please update to a Selenium version that supports CDP version 122
ERROR StatusLogger Log4j2 could not find a logging implementation. Please add log4j-core to the classpath. Using SimpleLogger to log to the console...
]]></system-err>
  </testcase>
  <testcase name="LaunchBrowser" classname="test.TestNGFramework" time="3.783">
    <failure message="&#10;Parameter &apos;url&apos; is required by @Configuration on method LaunchBrowser&#10;but has not been marked @Optional or defined " type="org.testng.TestNGException">org.testng.TestNGException: 

Parameter 'url' is required by @Configuration on method LaunchBrowser
but has not been marked @Optional or defined 
</failure>
  </testcase>
  <testcase name="AddToCart" classname="test.TestNGFramework" time="0">
    <skipped/>
  </testcase>
  <testcase name="closeBrowser" classname="test.TestNGFramework" time="0">
    <skipped/>
  </testcase>
  <testcase name="closeBrowser" classname="test.TestNGFramework" time="0">
    <skipped/>
  </testcase>
</testsuite>