<?xml version="1.0" encoding="UTF-8"?>
<testng-results total="1" passed="0" failed="0" skipped="1">
  <reporter-output>
  </reporter-output>
  <suite started-at="2024-02-27T05:19:29Z" name="Surefire suite" finished-at="2024-02-27T05:19:30Z" duration-ms="1151">
    <groups>
    </groups>
    <test started-at="2024-02-27T05:19:29Z" name="Surefire test" finished-at="2024-02-27T05:19:30Z" duration-ms="1151">
      <class name="test.TestNGFramework">
        <test-method is-config="true" signature="excel()[pri:0, instance:test.TestNGFramework@6c67e137]" started-at="2024-02-27T05:19:29Z" name="excel" finished-at="2024-02-27T05:19:29Z" duration-ms="10" status="PASS">
        </test-method>
        <test-method is-config="true" signature="LaunchBrowser(java.lang.String)[pri:0, instance:test.TestNGFramework@6c67e137]" started-at="2024-02-27T05:19:30Z" name="LaunchBrowser" finished-at="2024-02-27T05:19:30Z" duration-ms="0" status="FAIL">
          <exception class="org.testng.TestNGException">
            <message>
              <![CDATA[
Parameter 'url' is required by @Configuration on method LaunchBrowser
but has not been marked @Optional or defined ]]>
            </message>
            <full-stacktrace>
              <![CDATA[org.testng.TestNGException: 
Parameter 'url' is required by @Configuration on method LaunchBrowser
but has not been marked @Optional or defined 
	at org.testng.internal.Parameters.createParameters(Parameters.java:143)
	at org.testng.internal.Parameters.createParameters(Parameters.java:343)
	at org.testng.internal.Parameters.createConfigurationParameters(Parameters.java:77)
	at org.testng.internal.Invoker.invokeConfigurations(Invoker.java:198)
	at org.testng.internal.Invoker.invokeMethod(Invoker.java:631)
	at org.testng.internal.Invoker.invokeTestMethod(Invoker.java:883)
	at org.testng.internal.Invoker.invokeTestMethods(Invoker.java:1208)
	at org.testng.internal.TestMethodWorker.invokeTestMethods(TestMethodWorker.java:127)
	at org.testng.internal.TestMethodWorker.run(TestMethodWorker.java:111)
	at org.testng.TestRunner.privateRun(TestRunner.java:758)
	at org.testng.TestRunner.run(TestRunner.java:613)
	at org.testng.SuiteRunner.runTest(SuiteRunner.java:334)
	at org.testng.SuiteRunner.runSequentially(SuiteRunner.java:329)
	at org.testng.SuiteRunner.privateRun(SuiteRunner.java:291)
	at org.testng.SuiteRunner.run(SuiteRunner.java:240)
	at org.testng.SuiteRunnerWorker.runSuite(SuiteRunnerWorker.java:53)
	at org.testng.SuiteRunnerWorker.run(SuiteRunnerWorker.java:87)
	at org.testng.TestNG.runSuitesSequentially(TestNG.java:1137)
	at org.testng.TestNG.runSuitesLocally(TestNG.java:1062)
	at org.testng.TestNG.run(TestNG.java:974)
	at org.apache.maven.surefire.testng.TestNGExecutor.run(TestNGExecutor.java:135)
	at org.apache.maven.surefire.testng.TestNGDirectoryTestSuite.executeSingleClass(TestNGDirectoryTestSuite.java:112)
	at org.apache.maven.surefire.testng.TestNGDirectoryTestSuite.execute(TestNGDirectoryTestSuite.java:99)
	at org.apache.maven.surefire.testng.TestNGProvider.invoke(TestNGProvider.java:146)
	at org.apache.maven.surefire.booter.ForkedBooter.invokeProviderInSameClassLoader(ForkedBooter.java:384)
	at org.apache.maven.surefire.booter.ForkedBooter.runSuitesInProcess(ForkedBooter.java:345)
	at org.apache.maven.surefire.booter.ForkedBooter.execute(ForkedBooter.java:126)
	at org.apache.maven.surefire.booter.ForkedBooter.main(ForkedBooter.java:418)
]]>
            </full-stacktrace>
          </exception>
        </test-method>
        <test-method signature="AddToCart(java.lang.String, java.lang.String, java.lang.String, java.lang.String, java.lang.String)[pri:0, instance:test.TestNGFramework@6c67e137]" started-at="2024-02-27T05:19:30Z" name="AddToCart" finished-at="2024-02-27T05:19:30Z" duration-ms="0" status="SKIP">
          <params>
            <param index="0">
              <value>
                <![CDATA[standard_user]]>
              </value>
            </param>
            <param index="1">
              <value>
                <![CDATA[secret_sauce]]>
              </value>
            </param>
            <param index="2">
              <value>
                <![CDATA[swathi]]>
              </value>
            </param>
            <param index="3">
              <value>
                <![CDATA[chidam]]>
              </value>
            </param>
            <param index="4">
              <value>
                <![CDATA["12345"]]>
              </value>
            </param>
          </params>
        </test-method>
        <test-method is-config="true" signature="closeBrowser()[pri:0, instance:test.TestNGFramework@6c67e137]" started-at="2024-02-27T05:19:30Z" name="closeBrowser" finished-at="2024-02-27T05:19:30Z" duration-ms="0" status="SKIP">
        </test-method>
      </class>
    </test>
  </suite>
</testng-results>
