<?xml version="1.0" encoding="UTF-8"?>
<testng-results ignored="0" total="1" passed="1" failed="0" skipped="0">
  <reporter-output>
  </reporter-output>
  <suite started-at="2024-02-27T07:01:53 IST" name="Suite" finished-at="2024-02-27T07:01:57 IST" duration-ms="4020">
    <groups>
    </groups>
    <test started-at="2024-02-27T07:01:53 IST" name="Test" finished-at="2024-02-27T07:01:57 IST" duration-ms="4020">
      <class name="test.TestNGFramework">
        <test-method is-config="true" signature="excel()[pri:0, instance:test.TestNGFramework@6cc0bcf6]" started-at="2024-02-27T07:01:53 IST" name="excel" finished-at="2024-02-27T07:01:53 IST" duration-ms="4" status="PASS">
          <reporter-output>
          </reporter-output>
        </test-method> <!-- excel -->
        <test-method is-config="true" signature="LaunchBrowser(java.lang.String)[pri:0, instance:test.TestNGFramework@6cc0bcf6]" started-at="2024-02-27T07:01:54 IST" name="LaunchBrowser" finished-at="2024-02-27T07:01:54 IST" duration-ms="650" status="PASS">
          <params>
            <param index="0">
              <value>
                <![CDATA[https://www.saucedemo.com/]]>
              </value>
            </param>
          </params>
          <reporter-output>
          </reporter-output>
        </test-method> <!-- LaunchBrowser -->
        <test-method signature="AddToCart(java.lang.String,java.lang.String,java.lang.String,java.lang.String,java.lang.String)[pri:0, instance:test.TestNGFramework@6cc0bcf6]" started-at="2024-02-27T07:01:54 IST" name="AddToCart" data-provider="sendData" finished-at="2024-02-27T07:01:57 IST" duration-ms="2361" status="PASS">
          <params>
            <param index="0">
              <value>
                <![CDATA[standard_user]]>
              </value>
            </param>
            <param index="1">
              <value>
                <![CDATA[secret_sauce]]>
              </value>
            </param>
            <param index="2">
              <value>
                <![CDATA[swathi]]>
              </value>
            </param>
            <param index="3">
              <value>
                <![CDATA[chidambaram]]>
              </value>
            </param>
            <param index="4">
              <value>
                <![CDATA["1234567"]]>
              </value>
            </param>
          </params>
          <reporter-output>
          </reporter-output>
        </test-method> <!-- AddToCart -->
        <test-method is-config="true" signature="closeBrowser()[pri:0, instance:test.TestNGFramework@6cc0bcf6]" started-at="2024-02-27T07:01:57 IST" name="closeBrowser" finished-at="2024-02-27T07:01:57 IST" duration-ms="153" status="PASS">
          <reporter-output>
          </reporter-output>
        </test-method> <!-- closeBrowser -->
      </class> <!-- test.TestNGFramework -->
    </test> <!-- Test -->
  </suite> <!-- Suite -->
</testng-results>
